  [4;36;1mSQL (0.5ms)[0m   [0;1m SELECT name
 FROM sqlite_master
 WHERE type = 'table' AND NOT name = 'sqlite_sequence'
[0m
  [4;35;1mSQL (0.4ms)[0m   [0mselect sqlite_version(*)[0m
  [4;36;1mSQL (5.8ms)[0m   [0;1mCREATE TABLE "schema_migrations" ("version" varchar(255) NOT NULL) [0m
  [4;35;1mSQL (8.4ms)[0m   [0mCREATE UNIQUE INDEX "unique_schema_migrations" ON "schema_migrations" ("version")[0m
  [4;36;1mSQL (0.4ms)[0m   [0;1m SELECT name
 FROM sqlite_master
 WHERE type = 'table' AND NOT name = 'sqlite_sequence'
[0m
  [4;35;1mSQL (0.2ms)[0m   [0mSELECT version FROM schema_migrations[0m
Migrating to CreateEspacios (20091005180029)
  [4;36;1mSQL (1.0ms)[0m   [0;1mCREATE TABLE "espacios" ("id" INTEGER PRIMARY KEY AUTOINCREMENT NOT NULL, "codigo" varchar(255), "descripcion" varchar(255), "capacidad" varchar(255), "tipo" varchar(255), "created_at" datetime, "updated_at" datetime) [0m
  [4;35;1mSQL (0.3ms)[0m   [0mINSERT INTO schema_migrations (version) VALUES ('20091005180029')[0m
  [4;36;1mSQL (0.6ms)[0m   [0;1m SELECT name
 FROM sqlite_master
 WHERE type = 'table' AND NOT name = 'sqlite_sequence'
[0m
  [4;35;1mSQL (0.3ms)[0m   [0mSELECT version FROM schema_migrations[0m
  [4;36;1mSQL (0.4ms)[0m   [0;1m SELECT name
 FROM sqlite_master
 WHERE type = 'table' AND NOT name = 'sqlite_sequence'
[0m
  [4;35;1mSQL (0.1ms)[0m   [0mPRAGMA index_list("espacios")[0m
  [4;36;1mSQL (0.9ms)[0m   [0;1m SELECT name
 FROM sqlite_master
 WHERE type = 'table' AND NOT name = 'sqlite_sequence'
[0m
  [4;35;1mSQL (0.4ms)[0m   [0mSELECT version FROM schema_migrations[0m
Migrating to CreateEspacios (20091005180029)
Migrating to CreateCarreras (20091005180126)
  [4;36;1mSQL (0.4ms)[0m   [0;1mselect sqlite_version(*)[0m
  [4;35;1mSQL (1.1ms)[0m   [0mCREATE TABLE "carreras" ("id" INTEGER PRIMARY KEY AUTOINCREMENT NOT NULL, "codigo" integer, "nombre" varchar(255), "created_at" datetime, "updated_at" datetime) [0m
  [4;36;1mSQL (0.3ms)[0m   [0;1mINSERT INTO schema_migrations (version) VALUES ('20091005180126')[0m
Migrating to CreatePlans (20091005180741)
  [4;35;1mSQL (0.8ms)[0m   [0mCREATE TABLE "plans" ("id" INTEGER PRIMARY KEY AUTOINCREMENT NOT NULL, "codigo" integer, "nombre" varchar(255), "created_at" datetime, "updated_at" datetime) [0m
  [4;36;1mSQL (0.3ms)[0m   [0;1mINSERT INTO schema_migrations (version) VALUES ('20091005180741')[0m
  [4;35;1mSQL (0.8ms)[0m   [0m SELECT name
 FROM sqlite_master
 WHERE type = 'table' AND NOT name = 'sqlite_sequence'
[0m
  [4;36;1mSQL (0.4ms)[0m   [0;1mSELECT version FROM schema_migrations[0m
  [4;35;1mSQL (0.4ms)[0m   [0m SELECT name
 FROM sqlite_master
 WHERE type = 'table' AND NOT name = 'sqlite_sequence'
[0m
  [4;36;1mSQL (0.1ms)[0m   [0;1mPRAGMA index_list("carreras")[0m
  [4;35;1mSQL (0.1ms)[0m   [0mPRAGMA index_list("espacios")[0m
  [4;36;1mSQL (0.2ms)[0m   [0;1mPRAGMA index_list("plans")[0m
  [4;36;1mSQL (1.1ms)[0m   [0;1m SELECT name
 FROM sqlite_master
 WHERE type = 'table' AND NOT name = 'sqlite_sequence'
[0m
  [4;35;1mSQL (0.5ms)[0m   [0mSELECT version FROM schema_migrations[0m
Migrating to CreateEspacios (20091005180029)
Migrating to CreateCarreras (20091005180126)
Migrating to CreatePlans (20091005180741)
Migrating to CreateMaterias (20091005180918)
  [4;36;1mSQL (0.2ms)[0m   [0;1mselect sqlite_version(*)[0m
  [4;35;1mSQL (1.1ms)[0m   [0mCREATE TABLE "materias" ("id" INTEGER PRIMARY KEY AUTOINCREMENT NOT NULL, "codigo" integer, "nombre" varchar(255), "created_at" datetime, "updated_at" datetime) [0m
  [4;36;1mSQL (0.4ms)[0m   [0;1mINSERT INTO schema_migrations (version) VALUES ('20091005180918')[0m
  [4;35;1mSQL (0.8ms)[0m   [0m SELECT name
 FROM sqlite_master
 WHERE type = 'table' AND NOT name = 'sqlite_sequence'
[0m
  [4;36;1mSQL (0.4ms)[0m   [0;1mSELECT version FROM schema_migrations[0m
  [4;35;1mSQL (0.5ms)[0m   [0m SELECT name
 FROM sqlite_master
 WHERE type = 'table' AND NOT name = 'sqlite_sequence'
[0m
  [4;36;1mSQL (0.1ms)[0m   [0;1mPRAGMA index_list("carreras")[0m
  [4;35;1mSQL (0.1ms)[0m   [0mPRAGMA index_list("espacios")[0m
  [4;36;1mSQL (0.1ms)[0m   [0;1mPRAGMA index_list("materias")[0m
  [4;35;1mSQL (0.1ms)[0m   [0mPRAGMA index_list("plans")[0m
  [4;36;1mSQL (1.2ms)[0m   [0;1m SELECT name
 FROM sqlite_master
 WHERE type = 'table' AND NOT name = 'sqlite_sequence'
[0m
  [4;35;1mSQL (0.6ms)[0m   [0mSELECT version FROM schema_migrations[0m
Migrating to CreateEspacios (20091005180029)
Migrating to CreateCarreras (20091005180126)
Migrating to CreatePlans (20091005180741)
Migrating to CreateMaterias (20091005180918)
Migrating to CreateUsers (20091005183528)
  [4;36;1mSQL (0.2ms)[0m   [0;1mselect sqlite_version(*)[0m
  [4;35;1mSQL (0.8ms)[0m   [0m SELECT name
 FROM sqlite_master
 WHERE type = 'table' AND NOT name = 'sqlite_sequence'
[0m
  [4;36;1mSQL (0.9ms)[0m   [0;1mCREATE TABLE "users" ("id" INTEGER PRIMARY KEY AUTOINCREMENT NOT NULL, "login" varchar(40), "name" varchar(100) DEFAULT '', "email" varchar(100), "crypted_password" varchar(40), "salt" varchar(40), "created_at" datetime, "updated_at" datetime, "remember_token" varchar(40), "remember_token_expires_at" datetime) [0m
  [4;35;1mSQL (0.8ms)[0m   [0mCREATE UNIQUE INDEX "index_users_on_login" ON "users" ("login")[0m
  [4;36;1mSQL (0.4ms)[0m   [0;1mINSERT INTO schema_migrations (version) VALUES ('20091005183528')[0m
  [4;35;1mSQL (0.8ms)[0m   [0m SELECT name
 FROM sqlite_master
 WHERE type = 'table' AND NOT name = 'sqlite_sequence'
[0m
  [4;36;1mSQL (0.6ms)[0m   [0;1mSELECT version FROM schema_migrations[0m
  [4;35;1mSQL (0.6ms)[0m   [0m SELECT name
 FROM sqlite_master
 WHERE type = 'table' AND NOT name = 'sqlite_sequence'
[0m
  [4;36;1mSQL (0.1ms)[0m   [0;1mPRAGMA index_list("carreras")[0m
  [4;35;1mSQL (0.1ms)[0m   [0mPRAGMA index_list("espacios")[0m
  [4;36;1mSQL (0.1ms)[0m   [0;1mPRAGMA index_list("materias")[0m
  [4;35;1mSQL (0.1ms)[0m   [0mPRAGMA index_list("plans")[0m
  [4;36;1mSQL (0.3ms)[0m   [0;1mPRAGMA index_list("users")[0m
  [4;35;1mSQL (0.2ms)[0m   [0mPRAGMA index_info('index_users_on_login')[0m


Processing CarrerasController#index (for 200.117.246.18 at 2009-10-05 15:40:09) [GET]
  [4;36;1mCarrera Load (1.0ms)[0m   [0;1mSELECT * FROM "carreras" [0m
Rendering template within layouts/carreras
Rendering carreras/index
Completed in 64ms (View: 52, DB: 1) | 200 OK [http://rayko.com.ar/carreras]


Processing PlansController#index (for 200.117.246.18 at 2009-10-05 15:40:17) [GET]
  [4;35;1mPlan Load (0.9ms)[0m   [0mSELECT * FROM "plans" [0m
Rendering template within layouts/plans
Rendering plans/index
Completed in 33ms (View: 23, DB: 1) | 200 OK [http://rayko.com.ar/plans]


Processing ApplicationController#index (for 200.117.246.18 at 2009-10-05 15:40:33) [GET]

ActionController::RoutingError (No route matches "/user" with {:method=>:get}):
  /usr/lib/ruby/1.8/webrick/httpserver.rb:104:in `service'
  /usr/lib/ruby/1.8/webrick/httpserver.rb:65:in `run'
  /usr/lib/ruby/1.8/webrick/server.rb:173:in `start_thread'
  /usr/lib/ruby/1.8/webrick/server.rb:162:in `start'
  /usr/lib/ruby/1.8/webrick/server.rb:162:in `start_thread'
  /usr/lib/ruby/1.8/webrick/server.rb:95:in `start'
  /usr/lib/ruby/1.8/webrick/server.rb:92:in `each'
  /usr/lib/ruby/1.8/webrick/server.rb:92:in `start'
  /usr/lib/ruby/1.8/webrick/server.rb:23:in `start'
  /usr/lib/ruby/1.8/webrick/server.rb:82:in `start'

Rendering rescues/layout (not_found)


Processing SessionsController#new (for 200.117.246.18 at 2009-10-05 15:40:41) [GET]
Rendering sessions/new
Completed in 24ms (View: 20, DB: 0) | 200 OK [http://rayko.com.ar/login]


Processing UsersController#new (for 200.117.246.18 at 2009-10-05 15:40:48) [GET]
Rendering users/new
Completed in 177ms (View: 25, DB: 0) | 200 OK [http://rayko.com.ar/signup]


Processing ApplicationController#index (for 200.117.246.18 at 2009-10-05 15:41:16) [GET]

ActionController::RoutingError (No route matches "/user" with {:method=>:get}):
  /usr/lib/ruby/1.8/webrick/httpserver.rb:104:in `service'
  /usr/lib/ruby/1.8/webrick/httpserver.rb:65:in `run'
  /usr/lib/ruby/1.8/webrick/server.rb:173:in `start_thread'
  /usr/lib/ruby/1.8/webrick/server.rb:162:in `start'
  /usr/lib/ruby/1.8/webrick/server.rb:162:in `start_thread'
  /usr/lib/ruby/1.8/webrick/server.rb:95:in `start'
  /usr/lib/ruby/1.8/webrick/server.rb:92:in `each'
  /usr/lib/ruby/1.8/webrick/server.rb:92:in `start'
  /usr/lib/ruby/1.8/webrick/server.rb:23:in `start'
  /usr/lib/ruby/1.8/webrick/server.rb:82:in `start'

Rendering rescues/layout (not_found)


Processing UsersController#index (for 200.117.246.18 at 2009-10-05 15:41:22) [GET]

ActionController::UnknownAction (No action responded to index. Actions: create and new):
  /usr/lib/ruby/1.8/webrick/httpserver.rb:104:in `service'
  /usr/lib/ruby/1.8/webrick/httpserver.rb:65:in `run'
  /usr/lib/ruby/1.8/webrick/server.rb:173:in `start_thread'
  /usr/lib/ruby/1.8/webrick/server.rb:162:in `start'
  /usr/lib/ruby/1.8/webrick/server.rb:162:in `start_thread'
  /usr/lib/ruby/1.8/webrick/server.rb:95:in `start'
  /usr/lib/ruby/1.8/webrick/server.rb:92:in `each'
  /usr/lib/ruby/1.8/webrick/server.rb:92:in `start'
  /usr/lib/ruby/1.8/webrick/server.rb:23:in `start'
  /usr/lib/ruby/1.8/webrick/server.rb:82:in `start'

Rendering rescues/layout (not_found)


Processing CalendarioController#create (for 200.117.246.18 at 2009-10-05 15:58:37) [GET]

NameError (undefined local variable or method `file' for #<CalendarioController:0xb6203b70>):
  app/controllers/calendario_controller.rb:4:in `create'
  /usr/lib/ruby/1.8/webrick/httpserver.rb:104:in `service'
  /usr/lib/ruby/1.8/webrick/httpserver.rb:65:in `run'
  /usr/lib/ruby/1.8/webrick/server.rb:173:in `start_thread'
  /usr/lib/ruby/1.8/webrick/server.rb:162:in `start'
  /usr/lib/ruby/1.8/webrick/server.rb:162:in `start_thread'
  /usr/lib/ruby/1.8/webrick/server.rb:95:in `start'
  /usr/lib/ruby/1.8/webrick/server.rb:92:in `each'
  /usr/lib/ruby/1.8/webrick/server.rb:92:in `start'
  /usr/lib/ruby/1.8/webrick/server.rb:23:in `start'
  /usr/lib/ruby/1.8/webrick/server.rb:82:in `start'

Rendered rescues/_trace (55.7ms)
Rendered rescues/_request_and_response (9.9ms)
Rendering rescues/layout (internal_server_error)


Processing CalendarioController#create (for 200.117.246.18 at 2009-10-05 15:59:54) [GET]

NoMethodError (undefined method `close' for File:Class):
  app/controllers/calendario_controller.rb:8:in `create'
  /usr/lib/ruby/1.8/webrick/httpserver.rb:104:in `service'
  /usr/lib/ruby/1.8/webrick/httpserver.rb:65:in `run'
  /usr/lib/ruby/1.8/webrick/server.rb:173:in `start_thread'
  /usr/lib/ruby/1.8/webrick/server.rb:162:in `start'
  /usr/lib/ruby/1.8/webrick/server.rb:162:in `start_thread'
  /usr/lib/ruby/1.8/webrick/server.rb:95:in `start'
  /usr/lib/ruby/1.8/webrick/server.rb:92:in `each'
  /usr/lib/ruby/1.8/webrick/server.rb:92:in `start'
  /usr/lib/ruby/1.8/webrick/server.rb:23:in `start'
  /usr/lib/ruby/1.8/webrick/server.rb:82:in `start'

Rendered rescues/_trace (56.1ms)
Rendered rescues/_request_and_response (2.5ms)
Rendering rescues/layout (internal_server_error)


Processing CalendarioController#create (for 200.117.246.18 at 2009-10-05 16:01:09) [GET]

ActionView::MissingTemplate (Missing template calendario/create.erb in view path app/views):
  /usr/lib/ruby/1.8/webrick/httpserver.rb:104:in `service'
  /usr/lib/ruby/1.8/webrick/httpserver.rb:65:in `run'
  /usr/lib/ruby/1.8/webrick/server.rb:173:in `start_thread'
  /usr/lib/ruby/1.8/webrick/server.rb:162:in `start'
  /usr/lib/ruby/1.8/webrick/server.rb:162:in `start_thread'
  /usr/lib/ruby/1.8/webrick/server.rb:95:in `start'
  /usr/lib/ruby/1.8/webrick/server.rb:92:in `each'
  /usr/lib/ruby/1.8/webrick/server.rb:92:in `start'
  /usr/lib/ruby/1.8/webrick/server.rb:23:in `start'
  /usr/lib/ruby/1.8/webrick/server.rb:82:in `start'

Rendering rescues/layout (internal_server_error)


Processing CalendarioController#create (for 200.117.246.18 at 2009-10-05 16:04:18) [GET]

ActionView::MissingTemplate (Missing template calendario/create.erb in view path app/views):
  /usr/lib/ruby/1.8/webrick/httpserver.rb:104:in `service'
  /usr/lib/ruby/1.8/webrick/httpserver.rb:65:in `run'
  /usr/lib/ruby/1.8/webrick/server.rb:173:in `start_thread'
  /usr/lib/ruby/1.8/webrick/server.rb:162:in `start'
  /usr/lib/ruby/1.8/webrick/server.rb:162:in `start_thread'
  /usr/lib/ruby/1.8/webrick/server.rb:95:in `start'
  /usr/lib/ruby/1.8/webrick/server.rb:92:in `each'
  /usr/lib/ruby/1.8/webrick/server.rb:92:in `start'
  /usr/lib/ruby/1.8/webrick/server.rb:23:in `start'
  /usr/lib/ruby/1.8/webrick/server.rb:82:in `start'

Rendering rescues/layout (internal_server_error)


Processing EspaciosController#index (for 200.117.246.18 at 2009-10-05 18:26:23) [GET]
  [4;36;1mEspacio Load (1.1ms)[0m   [0;1mSELECT * FROM "espacios" [0m
Rendering template within layouts/espacios
Rendering espacios/index
Completed in 98ms (View: 88, DB: 1) | 200 OK [http://rayko.com.ar/espacios]


Processing PlansController#index (for 200.117.246.18 at 2009-10-05 18:26:36) [GET]
  [4;35;1mPlan Load (0.8ms)[0m   [0mSELECT * FROM "plans" [0m
Rendering template within layouts/plans
Rendering plans/index
Completed in 33ms (View: 23, DB: 1) | 200 OK [http://rayko.com.ar/plans]


Processing CarrerasController#index (for 200.117.246.18 at 2009-10-05 18:27:02) [GET]
  [4;36;1mCarrera Load (0.9ms)[0m   [0;1mSELECT * FROM "carreras" [0m
Rendering template within layouts/carreras
Rendering carreras/index
Completed in 41ms (View: 31, DB: 1) | 200 OK [http://rayko.com.ar/carreras]


Processing MateriasController#index (for 200.117.246.18 at 2009-10-05 18:27:08) [GET]
  [4;35;1mMateria Load (0.9ms)[0m   [0mSELECT * FROM "materias" [0m
Rendering template within layouts/materias
Rendering materias/index
Completed in 37ms (View: 25, DB: 1) | 200 OK [http://rayko.com.ar/materias]


Processing UsersController#index (for 200.117.246.18 at 2009-10-05 18:27:15) [GET]

ActionController::UnknownAction (No action responded to index. Actions: create and new):
  /usr/lib/ruby/1.8/webrick/httpserver.rb:104:in `service'
  /usr/lib/ruby/1.8/webrick/httpserver.rb:65:in `run'
  /usr/lib/ruby/1.8/webrick/server.rb:173:in `start_thread'
  /usr/lib/ruby/1.8/webrick/server.rb:162:in `start'
  /usr/lib/ruby/1.8/webrick/server.rb:162:in `start_thread'
  /usr/lib/ruby/1.8/webrick/server.rb:95:in `start'
  /usr/lib/ruby/1.8/webrick/server.rb:92:in `each'
  /usr/lib/ruby/1.8/webrick/server.rb:92:in `start'
  /usr/lib/ruby/1.8/webrick/server.rb:23:in `start'
  /usr/lib/ruby/1.8/webrick/server.rb:82:in `start'

Rendering rescues/layout (not_found)


Processing ApplicationController#index (for 200.117.246.18 at 2009-10-05 18:27:30) [GET]

ActionController::RoutingError (No route matches "/singup" with {:method=>:get}):
  /usr/lib/ruby/1.8/webrick/httpserver.rb:104:in `service'
  /usr/lib/ruby/1.8/webrick/httpserver.rb:65:in `run'
  /usr/lib/ruby/1.8/webrick/server.rb:173:in `start_thread'
  /usr/lib/ruby/1.8/webrick/server.rb:162:in `start'
  /usr/lib/ruby/1.8/webrick/server.rb:162:in `start_thread'
  /usr/lib/ruby/1.8/webrick/server.rb:95:in `start'
  /usr/lib/ruby/1.8/webrick/server.rb:92:in `each'
  /usr/lib/ruby/1.8/webrick/server.rb:92:in `start'
  /usr/lib/ruby/1.8/webrick/server.rb:23:in `start'
  /usr/lib/ruby/1.8/webrick/server.rb:82:in `start'

Rendering rescues/layout (not_found)


Processing UsersController#new (for 200.117.246.18 at 2009-10-05 18:27:40) [GET]
Rendering users/new
Completed in 36ms (View: 20, DB: 0) | 200 OK [http://rayko.com.ar/signup]


Processing UsersController#create (for 200.117.246.18 at 2009-10-05 18:28:10) [POST]
  Parameters: {"commit"=>"Sign up", "authenticity_token"=>"7wGpYOHsz6z5BcEdplR/aA90BK3abBl/e1hf3XgpUnE=", "user"=>{"password_confirmation"=>"123456", "password"=>"123456", "login"=>"lalala", "email"=>"lol"}}
  [4;36;1mUser Load (0.4ms)[0m   [0;1mSELECT "users".id FROM "users" WHERE ("users"."login" = 'lalala') LIMIT 1[0m
  [4;35;1mUser Load (0.3ms)[0m   [0mSELECT "users".id FROM "users" WHERE ("users"."email" = 'lol') LIMIT 1[0m
Rendering users/new
Completed in 46ms (View: 20, DB: 1) | 200 OK [http://rayko.com.ar/users]


Processing UsersController#create (for 200.117.246.18 at 2009-10-05 18:28:30) [POST]
  Parameters: {"commit"=>"Sign up", "authenticity_token"=>"7wGpYOHsz6z5BcEdplR/aA90BK3abBl/e1hf3XgpUnE=", "user"=>{"password_confirmation"=>"123456", "password"=>"123456", "login"=>"lalala", "email"=>"lol@mascaracteres.com"}}
  [4;36;1mUser Load (0.4ms)[0m   [0;1mSELECT "users".id FROM "users" WHERE ("users"."login" = 'lalala') LIMIT 1[0m
  [4;35;1mUser Load (0.3ms)[0m   [0mSELECT "users".id FROM "users" WHERE ("users"."email" = 'lol@mascaracteres.com') LIMIT 1[0m
  [4;36;1mUser Create (0.8ms)[0m   [0;1mINSERT INTO "users" ("name", "salt", "created_at", "crypted_password", "remember_token_expires_at", "updated_at", "remember_token", "login", "email") VALUES('', 'b479090694e2754a07a482b67d39836c52929faf', '2009-10-05 21:28:30', '9e5a858362da9a0b19b93f50b6940066d9b04809', NULL, '2009-10-05 21:28:30', NULL, 'lalala', 'lol@mascaracteres.com')[0m
Redirected to http://rayko.com.ar:3000/
Completed in 54ms (DB: 2) | 302 Found [http://rayko.com.ar/users]


Processing SessionsController#new (for 200.117.246.18 at 2009-10-05 18:28:37) [GET]
Rendering sessions/new
Completed in 22ms (View: 18, DB: 0) | 200 OK [http://rayko.com.ar/login]


Processing SessionsController#create (for 200.117.246.18 at 2009-10-05 18:28:45) [POST]
  Parameters: {"commit"=>"Log in", "authenticity_token"=>"7wGpYOHsz6z5BcEdplR/aA90BK3abBl/e1hf3XgpUnE=", "login"=>"lalala", "password"=>"123456"}
  [4;35;1mUser Load (0.8ms)[0m   [0mSELECT * FROM "users" WHERE ("users"."login" = 'lalala') LIMIT 1[0m
Redirected to http://rayko.com.ar:3000/
Completed in 35ms (DB: 1) | 302 Found [http://rayko.com.ar/session]
